10-04-2022 19:46:51 LogManager.java FATAL [main] Framework_Logger - ======================== Start :-AutomationFramework========================
10-04-2022 19:47:00 LogManager.java INFO  [TestNG-test=AutomationFramework-2] Framework_Logger - Driver Initialized
10-04-2022 19:47:00 LogManager.java INFO  [TestNG-test=AutomationFramework-2] Framework_Logger - BooksPageTest - getBooksNames method started...
10-04-2022 19:47:01 LogManager.java INFO  [TestNG-test=AutomationFramework-2] Framework_Logger - Book Names :[Computing and Internet, Copy of Computing and Internet EX, Fiction, Fiction EX, Health Book, Science]
10-04-2022 19:47:01 LogManager.java INFO  [TestNG-test=AutomationFramework-2] Framework_Logger - BooksPageTest - getBooksNames is PASSED...
10-04-2022 19:47:01 LogManager.java INFO  [TestNG-test=AutomationFramework-2] Framework_Logger - Driver Closed
10-04-2022 19:47:06 LogManager.java INFO  [TestNG-test=AutomationFramework-1] Framework_Logger - Driver Initialized
10-04-2022 19:47:06 LogManager.java INFO  [TestNG-test=AutomationFramework-1] Framework_Logger - LoginPageTest - testLogin method started...
10-04-2022 19:47:07 LogManager.java INFO  [TestNG-test=AutomationFramework-1] Framework_Logger - Login Link is clicked
10-04-2022 19:47:07 LogManager.java INFO  [TestNG-test=AutomationFramework-1] Framework_Logger - Username : **********@gmail.com is entered.
10-04-2022 19:47:07 LogManager.java INFO  [TestNG-test=AutomationFramework-1] Framework_Logger - Password: ******** is entered
10-04-2022 19:47:08 LogManager.java INFO  [TestNG-test=AutomationFramework-1] Framework_Logger - Login Button is clicked
10-04-2022 19:47:08 LogManager.java INFO  [TestNG-test=AutomationFramework-1] Framework_Logger - LoginPageTest - testLogin is PASSED...
10-04-2022 19:47:09 LogManager.java INFO  [TestNG-test=AutomationFramework-1] Framework_Logger - Driver Closed
10-04-2022 19:47:09 LogManager.java FATAL [main] Framework_Logger - ======================== Finish :-AutomationFramework========================
10-04-2022 19:51:18 LogManager.java FATAL [main] Framework_Logger - ======================== Start :-AutomationFramework========================
10-04-2022 19:51:24 LogManager.java INFO  [TestNG-test=AutomationFramework-2] Framework_Logger - Driver Initialized
10-04-2022 19:51:24 LogManager.java INFO  [TestNG-test=AutomationFramework-2] Framework_Logger - BooksPageTest - getBooksNames method started...
10-04-2022 19:51:25 LogManager.java INFO  [TestNG-test=AutomationFramework-1] Framework_Logger - Driver Initialized
10-04-2022 19:51:25 LogManager.java INFO  [TestNG-test=AutomationFramework-1] Framework_Logger - LoginPageTest - testLogin method started...
10-04-2022 19:51:26 LogManager.java INFO  [TestNG-test=AutomationFramework-1] Framework_Logger - Login Link is clicked
10-04-2022 19:51:26 LogManager.java INFO  [TestNG-test=AutomationFramework-1] Framework_Logger - Username : **********@gmail.com is entered.
10-04-2022 19:51:26 LogManager.java INFO  [TestNG-test=AutomationFramework-2] Framework_Logger - Menu Books is clicked
10-04-2022 19:51:26 LogManager.java INFO  [TestNG-test=AutomationFramework-1] Framework_Logger - Password: ******** is entered
10-04-2022 19:51:26 LogManager.java INFO  [TestNG-test=AutomationFramework-2] Framework_Logger - Book Names :[Computing and Internet, Copy of Computing and Internet EX, Fiction, Fiction EX, Health Book, Science]
10-04-2022 19:51:26 LogManager.java INFO  [TestNG-test=AutomationFramework-2] Framework_Logger - BooksPageTest - getBooksNames is PASSED...
10-04-2022 19:51:27 LogManager.java INFO  [TestNG-test=AutomationFramework-2] Framework_Logger - Driver Closed
10-04-2022 19:51:27 LogManager.java INFO  [TestNG-test=AutomationFramework-1] Framework_Logger - Login Button is clicked
10-04-2022 19:51:27 LogManager.java INFO  [TestNG-test=AutomationFramework-1] Framework_Logger - LoginPageTest - testLogin is PASSED...
10-04-2022 19:51:43 LogManager.java INFO  [TestNG-test=AutomationFramework-1] Framework_Logger - Driver Closed
10-04-2022 19:51:43 LogManager.java FATAL [main] Framework_Logger - ======================== Finish :-AutomationFramework========================
10-04-2022 20:12:19 LogManager.java FATAL [main] Framework_Logger - ======================== Start :-AutomationFramework========================
10-04-2022 20:12:27 LogManager.java INFO  [TestNG-test=AutomationFramework-2] Framework_Logger - Driver Initialized
10-04-2022 20:12:27 LogManager.java INFO  [TestNG-test=AutomationFramework-2] Framework_Logger - BooksPageTest - getBooksNames method started...
10-04-2022 20:12:28 LogManager.java INFO  [TestNG-test=AutomationFramework-1] Framework_Logger - Driver Initialized
10-04-2022 20:12:28 LogManager.java INFO  [TestNG-test=AutomationFramework-1] Framework_Logger - LoginPageTest - testLogin method started...
10-04-2022 20:12:28 LogManager.java INFO  [TestNG-test=AutomationFramework-2] Framework_Logger - Menu Books is clicked
10-04-2022 20:12:29 LogManager.java INFO  [TestNG-test=AutomationFramework-1] Framework_Logger - Login Link is clicked
10-04-2022 20:12:29 LogManager.java INFO  [TestNG-test=AutomationFramework-2] Framework_Logger - Book Names :[Computing and Internet, Copy of Computing and Internet EX, Fiction, Fiction EX, Health Book, Science]
10-04-2022 20:12:29 LogManager.java INFO  [TestNG-test=AutomationFramework-2] Framework_Logger - BooksPageTest - getBooksNames is PASSED...
10-04-2022 20:12:29 LogManager.java INFO  [TestNG-test=AutomationFramework-1] Framework_Logger - Username : **********@gmail.com is entered.
10-04-2022 20:12:29 LogManager.java INFO  [TestNG-test=AutomationFramework-1] Framework_Logger - Password: ******** is entered
10-04-2022 20:12:29 LogManager.java INFO  [TestNG-test=AutomationFramework-2] Framework_Logger - Driver Closed
10-04-2022 20:12:30 LogManager.java INFO  [TestNG-test=AutomationFramework-1] Framework_Logger - Login Button is clicked
10-04-2022 20:12:30 LogManager.java INFO  [TestNG-test=AutomationFramework-1] Framework_Logger - LoginPageTest - testLogin is PASSED...
10-04-2022 20:12:30 LogManager.java INFO  [TestNG-test=AutomationFramework-1] Framework_Logger - Driver Closed
10-04-2022 20:12:30 LogManager.java FATAL [main] Framework_Logger - ======================== Finish :-AutomationFramework========================
10-04-2022 20:20:51 LogManager.java FATAL [main] Framework_Logger - ======================== Start :-AutomationFramework========================
10-04-2022 20:20:58 LogManager.java INFO  [TestNG-test=AutomationFramework-2] Framework_Logger - Driver Initialized
10-04-2022 20:20:58 LogManager.java INFO  [TestNG-test=AutomationFramework-1] Framework_Logger - Driver Initialized
10-04-2022 20:20:58 LogManager.java INFO  [TestNG-test=AutomationFramework-1] Framework_Logger - LoginPageTest - testLogin method started...
10-04-2022 20:20:58 LogManager.java INFO  [TestNG-test=AutomationFramework-2] Framework_Logger - BooksPageTest - getBooksNames method started...
10-04-2022 20:20:59 LogManager.java INFO  [TestNG-test=AutomationFramework-1] Framework_Logger - Login Link is clicked
10-04-2022 20:20:59 LogManager.java INFO  [TestNG-test=AutomationFramework-1] Framework_Logger - Username : **********@gmail.com is entered.
10-04-2022 20:21:00 LogManager.java INFO  [TestNG-test=AutomationFramework-1] Framework_Logger - Password: ******** is entered
10-04-2022 20:21:00 LogManager.java INFO  [TestNG-test=AutomationFramework-2] Framework_Logger - Menu Books is clicked
10-04-2022 20:21:00 LogManager.java INFO  [TestNG-test=AutomationFramework-2] Framework_Logger - Book Names :[Computing and Internet, Copy of Computing and Internet EX, Fiction, Fiction EX, Health Book, Science]
10-04-2022 20:21:00 LogManager.java INFO  [TestNG-test=AutomationFramework-2] Framework_Logger - BooksPageTest - getBooksNames is PASSED...
10-04-2022 20:21:00 LogManager.java INFO  [TestNG-test=AutomationFramework-1] Framework_Logger - Login Button is clicked
10-04-2022 20:21:00 LogManager.java INFO  [TestNG-test=AutomationFramework-2] Framework_Logger - Driver Closed
10-04-2022 20:21:00 LogManager.java INFO  [TestNG-test=AutomationFramework-1] Framework_Logger - LoginPageTest - testLogin is PASSED...
10-04-2022 20:21:01 LogManager.java INFO  [TestNG-test=AutomationFramework-1] Framework_Logger - Driver Closed
10-04-2022 20:21:01 LogManager.java FATAL [main] Framework_Logger - ======================== Finish :-AutomationFramework========================
10-04-2022 20:44:35 LogManager.java FATAL [main] Framework_Logger - ======================== Start :-AutomationFramework========================
10-04-2022 20:44:45 LogManager.java INFO  [TestNG-test=AutomationFramework-2] Framework_Logger - Driver Initialized
10-04-2022 20:44:45 LogManager.java INFO  [TestNG-test=AutomationFramework-2] Framework_Logger - BooksPageTest - getBooksNames method started...
10-04-2022 20:44:48 LogManager.java INFO  [TestNG-test=AutomationFramework-2] Framework_Logger - Menu Books is clicked
10-04-2022 20:44:48 LogManager.java INFO  [TestNG-test=AutomationFramework-2] Framework_Logger - Book Names :[Computing and Internet, Copy of Computing and Internet EX, Fiction, Fiction EX, Health Book, Science]
10-04-2022 20:44:48 LogManager.java INFO  [TestNG-test=AutomationFramework-2] Framework_Logger - BooksPageTest - getBooksNames is PASSED...
10-04-2022 20:44:49 LogManager.java INFO  [TestNG-test=AutomationFramework-2] Framework_Logger - Driver Closed
10-04-2022 20:44:56 LogManager.java INFO  [TestNG-test=AutomationFramework-1] Framework_Logger - Driver Initialized
10-04-2022 20:44:56 LogManager.java INFO  [TestNG-test=AutomationFramework-1] Framework_Logger - LoginPageTest - testLogin method started...
10-04-2022 20:44:57 LogManager.java INFO  [TestNG-test=AutomationFramework-1] Framework_Logger - Login Link is clicked
10-04-2022 20:44:57 LogManager.java INFO  [TestNG-test=AutomationFramework-1] Framework_Logger - Username : **********@gmail.com is entered.
10-04-2022 20:44:58 LogManager.java INFO  [TestNG-test=AutomationFramework-1] Framework_Logger - Password: ******** is entered
10-04-2022 20:44:58 LogManager.java INFO  [TestNG-test=AutomationFramework-1] Framework_Logger - Login Button is clicked
10-04-2022 20:44:58 LogManager.java INFO  [TestNG-test=AutomationFramework-1] Framework_Logger - LoginPageTest - testLogin is PASSED...
10-04-2022 20:44:58 LogManager.java INFO  [TestNG-test=AutomationFramework-1] Framework_Logger - Driver Closed
10-04-2022 20:44:58 LogManager.java FATAL [main] Framework_Logger - ======================== Finish :-AutomationFramework========================
10-04-2022 20:46:48 LogManager.java FATAL [main] Framework_Logger - ======================== Start :-AutomationFramework========================
10-04-2022 20:46:55 LogManager.java INFO  [TestNG-test=AutomationFramework-1] Framework_Logger - Driver Initialized
10-04-2022 20:46:55 LogManager.java INFO  [TestNG-test=AutomationFramework-1] Framework_Logger - LoginPageTest - testLogin method started...
10-04-2022 20:46:56 LogManager.java INFO  [TestNG-test=AutomationFramework-2] Framework_Logger - Driver Initialized
10-04-2022 20:46:56 LogManager.java INFO  [TestNG-test=AutomationFramework-2] Framework_Logger - BooksPageTest - getBooksNames method started...
10-04-2022 20:46:57 LogManager.java INFO  [TestNG-test=AutomationFramework-1] Framework_Logger - Login Link is clicked
10-04-2022 20:46:57 LogManager.java INFO  [TestNG-test=AutomationFramework-1] Framework_Logger - Username : **********@gmail.com is entered.
10-04-2022 20:46:57 LogManager.java INFO  [TestNG-test=AutomationFramework-1] Framework_Logger - Password: ******** is entered
10-04-2022 20:46:57 LogManager.java INFO  [TestNG-test=AutomationFramework-2] Framework_Logger - Menu Books is clicked
10-04-2022 20:46:58 LogManager.java INFO  [TestNG-test=AutomationFramework-1] Framework_Logger - Login Button is clicked
10-04-2022 20:46:58 LogManager.java INFO  [TestNG-test=AutomationFramework-1] Framework_Logger - LoginPageTest - testLogin is PASSED...
10-04-2022 20:46:58 LogManager.java INFO  [TestNG-test=AutomationFramework-2] Framework_Logger - Book Names :[Computing and Internet, Copy of Computing and Internet EX, Fiction, Fiction EX, Health Book, Science]
10-04-2022 20:46:58 LogManager.java INFO  [TestNG-test=AutomationFramework-2] Framework_Logger - BooksPageTest - getBooksNames is PASSED...
10-04-2022 20:46:58 LogManager.java INFO  [TestNG-test=AutomationFramework-1] Framework_Logger - Driver Closed
10-04-2022 20:46:58 LogManager.java INFO  [TestNG-test=AutomationFramework-2] Framework_Logger - Driver Closed
10-04-2022 20:46:58 LogManager.java FATAL [main] Framework_Logger - ======================== Finish :-AutomationFramework========================
10-04-2022 20:55:26 LogManager.java FATAL [main] Framework_Logger - ======================== Start :-AutomationFramework========================
10-04-2022 20:55:34 LogManager.java INFO  [TestNG-test=AutomationFramework-2] Framework_Logger - Driver Initialized
10-04-2022 20:55:34 LogManager.java INFO  [TestNG-test=AutomationFramework-2] Framework_Logger - BooksPageTest - getBooksNames method started...
10-04-2022 20:55:35 LogManager.java INFO  [TestNG-test=AutomationFramework-2] Framework_Logger - Menu Books is clicked
10-04-2022 20:55:35 LogManager.java INFO  [TestNG-test=AutomationFramework-1] Framework_Logger - Driver Initialized
10-04-2022 20:55:35 LogManager.java INFO  [TestNG-test=AutomationFramework-1] Framework_Logger - LoginPageTest - testLogin method started...
10-04-2022 20:55:36 LogManager.java INFO  [TestNG-test=AutomationFramework-2] Framework_Logger - Book Names :[Computing and Internet, Copy of Computing and Internet EX, Fiction, Fiction EX, Health Book, Science]
10-04-2022 20:55:36 LogManager.java INFO  [TestNG-test=AutomationFramework-2] Framework_Logger - BooksPageTest - getBooksNames is PASSED...
10-04-2022 20:55:36 LogManager.java INFO  [TestNG-test=AutomationFramework-1] Framework_Logger - Login Link is clicked
10-04-2022 20:55:36 LogManager.java INFO  [TestNG-test=AutomationFramework-1] Framework_Logger - Username : **********@gmail.com is entered.
10-04-2022 20:55:37 LogManager.java INFO  [TestNG-test=AutomationFramework-2] Framework_Logger - Driver Closed
10-04-2022 20:55:37 LogManager.java INFO  [TestNG-test=AutomationFramework-1] Framework_Logger - Password: ******** is entered
10-04-2022 20:55:37 LogManager.java INFO  [TestNG-test=AutomationFramework-1] Framework_Logger - Login Button is clicked
10-04-2022 20:55:37 LogManager.java INFO  [TestNG-test=AutomationFramework-1] Framework_Logger - LoginPageTest - testLogin is PASSED...
10-04-2022 20:55:37 LogManager.java INFO  [TestNG-test=AutomationFramework-1] Framework_Logger - Driver Closed
10-04-2022 20:55:37 LogManager.java FATAL [main] Framework_Logger - ======================== Finish :-AutomationFramework========================
10-04-2022 20:55:59 LogManager.java FATAL [main] Framework_Logger - ======================== Start :-AutomationFramework========================
10-04-2022 20:56:05 LogManager.java INFO  [TestNG-test=AutomationFramework-1] Framework_Logger - Driver Initialized
10-04-2022 20:56:05 LogManager.java INFO  [TestNG-test=AutomationFramework-1] Framework_Logger - LoginPageTest - testLogin method started...
10-04-2022 20:56:05 LogManager.java INFO  [TestNG-test=AutomationFramework-2] Framework_Logger - Driver Initialized
10-04-2022 20:56:06 LogManager.java INFO  [TestNG-test=AutomationFramework-2] Framework_Logger - BooksPageTest - getBooksNames method started...
10-04-2022 20:56:06 LogManager.java INFO  [TestNG-test=AutomationFramework-1] Framework_Logger - Login Link is clicked
10-04-2022 20:56:06 LogManager.java INFO  [TestNG-test=AutomationFramework-1] Framework_Logger - Username : **********@gmail.com is entered.
10-04-2022 20:56:06 LogManager.java INFO  [TestNG-test=AutomationFramework-1] Framework_Logger - Password: ******** is entered
10-04-2022 20:56:07 LogManager.java INFO  [TestNG-test=AutomationFramework-1] Framework_Logger - Login Button is clicked
10-04-2022 20:56:07 LogManager.java INFO  [TestNG-test=AutomationFramework-1] Framework_Logger - LoginPageTest - testLogin is PASSED...
10-04-2022 20:56:07 LogManager.java INFO  [TestNG-test=AutomationFramework-1] Framework_Logger - Driver Closed
10-04-2022 20:56:08 LogManager.java INFO  [TestNG-test=AutomationFramework-2] Framework_Logger - Menu Books is clicked
10-04-2022 20:56:08 LogManager.java INFO  [TestNG-test=AutomationFramework-2] Framework_Logger - Book Names :[Computing and Internet, Copy of Computing and Internet EX, Fiction, Fiction EX, Health Book, Science]
10-04-2022 20:56:08 LogManager.java INFO  [TestNG-test=AutomationFramework-2] Framework_Logger - BooksPageTest - getBooksNames is PASSED...
10-04-2022 20:56:08 LogManager.java INFO  [TestNG-test=AutomationFramework-2] Framework_Logger - Driver Closed
10-04-2022 20:56:08 LogManager.java FATAL [main] Framework_Logger - ======================== Finish :-AutomationFramework========================
10-04-2022 21:57:47 LogManager.java FATAL [main] Framework_Logger - ======================== Start :-AutomationFramework========================
10-04-2022 21:57:56 LogManager.java INFO  [TestNG-test=AutomationFramework-2] Framework_Logger - Driver Initialized
10-04-2022 21:57:56 LogManager.java INFO  [TestNG-test=AutomationFramework-2] Framework_Logger - BooksPageTest - getBooksNames method started...
10-04-2022 21:57:56 LogManager.java INFO  [TestNG-test=AutomationFramework-1] Framework_Logger - Driver Initialized
10-04-2022 21:57:56 LogManager.java INFO  [TestNG-test=AutomationFramework-1] Framework_Logger - LoginPageTest - testLogin method started...
10-04-2022 21:57:57 LogManager.java INFO  [TestNG-test=AutomationFramework-1] Framework_Logger - Login Link is clicked
10-04-2022 21:57:57 LogManager.java INFO  [TestNG-test=AutomationFramework-1] Framework_Logger - Username : **********@gmail.com is entered.
10-04-2022 21:57:57 LogManager.java INFO  [TestNG-test=AutomationFramework-1] Framework_Logger - Password: ******** is entered
10-04-2022 21:57:58 LogManager.java INFO  [TestNG-test=AutomationFramework-2] Framework_Logger - Menu Books is clicked
10-04-2022 21:57:58 LogManager.java INFO  [TestNG-test=AutomationFramework-1] Framework_Logger - Login Button is clicked
10-04-2022 21:57:58 LogManager.java INFO  [TestNG-test=AutomationFramework-1] Framework_Logger - LoginPageTest - testLogin is PASSED...
10-04-2022 21:57:58 LogManager.java INFO  [TestNG-test=AutomationFramework-2] Framework_Logger - Book Names :[Computing and Internet, Copy of Computing and Internet EX, Fiction, Fiction EX, Health Book, Science]
10-04-2022 21:57:58 LogManager.java INFO  [TestNG-test=AutomationFramework-2] Framework_Logger - BooksPageTest - getBooksNames is PASSED...
10-04-2022 21:57:58 LogManager.java INFO  [TestNG-test=AutomationFramework-1] Framework_Logger - Driver Closed
10-04-2022 21:57:59 LogManager.java INFO  [TestNG-test=AutomationFramework-2] Framework_Logger - Driver Closed
10-04-2022 21:57:59 LogManager.java FATAL [main] Framework_Logger - ======================== Finish :-AutomationFramework========================
10-04-2022 21:59:36 LogManager.java FATAL [main] Framework_Logger - ======================== Start :-AutomationFramework========================
10-04-2022 21:59:43 LogManager.java INFO  [TestNG-test=AutomationFramework-2] Framework_Logger - Driver Initialized
10-04-2022 21:59:43 LogManager.java INFO  [TestNG-test=AutomationFramework-2] Framework_Logger - BooksPageTest - getBooksNames method started...
10-04-2022 21:59:43 LogManager.java INFO  [TestNG-test=AutomationFramework-1] Framework_Logger - Driver Initialized
10-04-2022 21:59:43 LogManager.java INFO  [TestNG-test=AutomationFramework-1] Framework_Logger - LoginPageTest - testLogin method started...
10-04-2022 21:59:44 LogManager.java INFO  [TestNG-test=AutomationFramework-1] Framework_Logger - Login Link is clicked
10-04-2022 21:59:44 LogManager.java INFO  [TestNG-test=AutomationFramework-2] Framework_Logger - Menu Books is clicked
10-04-2022 21:59:44 LogManager.java INFO  [TestNG-test=AutomationFramework-1] Framework_Logger - Username : **********@gmail.com is entered.
10-04-2022 21:59:44 LogManager.java INFO  [TestNG-test=AutomationFramework-1] Framework_Logger - Password: ******** is entered
10-04-2022 21:59:44 LogManager.java INFO  [TestNG-test=AutomationFramework-2] Framework_Logger - Book Names :[Computing and Internet, Copy of Computing and Internet EX, Fiction, Fiction EX, Health Book, Science]
10-04-2022 21:59:44 LogManager.java INFO  [TestNG-test=AutomationFramework-2] Framework_Logger - BooksPageTest - getBooksNames is PASSED...
10-04-2022 21:59:45 LogManager.java INFO  [TestNG-test=AutomationFramework-2] Framework_Logger - Driver Closed
10-04-2022 21:59:45 LogManager.java INFO  [TestNG-test=AutomationFramework-1] Framework_Logger - Login Button is clicked
10-04-2022 21:59:45 LogManager.java INFO  [TestNG-test=AutomationFramework-1] Framework_Logger - LoginPageTest - testLogin is PASSED...
10-04-2022 21:59:46 LogManager.java INFO  [TestNG-test=AutomationFramework-1] Framework_Logger - Driver Closed
10-04-2022 21:59:46 LogManager.java FATAL [main] Framework_Logger - ======================== Finish :-AutomationFramework========================
10-04-2022 22:21:56 LogManager.java FATAL [main] Framework_Logger - ======================== Start :-AutomationFramework========================
10-04-2022 22:22:03 LogManager.java INFO  [TestNG-test=AutomationFramework-2] Framework_Logger - Driver Initialized
10-04-2022 22:22:03 LogManager.java INFO  [TestNG-test=AutomationFramework-2] Framework_Logger - BooksPageTest - getBooksNames method started...
10-04-2022 22:22:04 LogManager.java INFO  [TestNG-test=AutomationFramework-2] Framework_Logger - Menu Books is clicked
10-04-2022 22:22:04 LogManager.java INFO  [TestNG-test=AutomationFramework-2] Framework_Logger - Book Names :[Computing and Internet, Copy of Computing and Internet EX, Fiction, Fiction EX, Health Book, Science]
10-04-2022 22:22:04 LogManager.java INFO  [TestNG-test=AutomationFramework-2] Framework_Logger - BooksPageTest - getBooksNames is PASSED...
10-04-2022 22:22:05 LogManager.java INFO  [TestNG-test=AutomationFramework-2] Framework_Logger - Driver Closed
10-04-2022 22:22:06 LogManager.java INFO  [TestNG-test=AutomationFramework-1] Framework_Logger - Driver Initialized
10-04-2022 22:22:06 LogManager.java INFO  [TestNG-test=AutomationFramework-1] Framework_Logger - LoginPageTest - testLogin method started...
10-04-2022 22:22:07 LogManager.java INFO  [TestNG-test=AutomationFramework-1] Framework_Logger - Login Link is clicked
10-04-2022 22:22:07 LogManager.java INFO  [TestNG-test=AutomationFramework-1] Framework_Logger - Username : **********@gmail.com is entered.
10-04-2022 22:22:07 LogManager.java INFO  [TestNG-test=AutomationFramework-1] Framework_Logger - Password: ******** is entered
10-04-2022 22:22:07 LogManager.java INFO  [TestNG-test=AutomationFramework-1] Framework_Logger - Login Button is clicked
10-04-2022 22:22:07 LogManager.java INFO  [TestNG-test=AutomationFramework-1] Framework_Logger - LoginPageTest - testLogin is PASSED...
10-04-2022 22:22:08 LogManager.java INFO  [TestNG-test=AutomationFramework-1] Framework_Logger - Driver Closed
10-04-2022 22:22:08 LogManager.java FATAL [main] Framework_Logger - ======================== Finish :-AutomationFramework========================
10-04-2022 22:56:36 LogManager.java FATAL [main] Framework_Logger - ======================== Start :-AutomationFramework========================
10-04-2022 22:56:42 LogManager.java INFO  [TestNG-test=AutomationFramework-1] Framework_Logger - Driver Initialized
10-04-2022 22:56:42 LogManager.java INFO  [TestNG-test=AutomationFramework-1] Framework_Logger - LoginPageTest - testLogin method started...
10-04-2022 22:56:43 LogManager.java INFO  [TestNG-test=AutomationFramework-1] Framework_Logger - Login Link is clicked
10-04-2022 22:56:43 LogManager.java INFO  [TestNG-test=AutomationFramework-1] Framework_Logger - Username : **********@gmail.com is entered.
10-04-2022 22:56:43 LogManager.java INFO  [TestNG-test=AutomationFramework-1] Framework_Logger - Password: ******** is entered
10-04-2022 22:56:44 LogManager.java INFO  [TestNG-test=AutomationFramework-1] Framework_Logger - Login Button is clicked
10-04-2022 22:56:44 LogManager.java INFO  [TestNG-test=AutomationFramework-1] Framework_Logger - LoginPageTest - testLogin is PASSED...
10-04-2022 22:56:44 LogManager.java INFO  [TestNG-test=AutomationFramework-1] Framework_Logger - Driver Closed
10-04-2022 22:56:46 LogManager.java INFO  [TestNG-test=AutomationFramework-2] Framework_Logger - Driver Initialized
10-04-2022 22:56:46 LogManager.java INFO  [TestNG-test=AutomationFramework-2] Framework_Logger - BooksPageTest - getBooksNames method started...
10-04-2022 22:56:48 LogManager.java INFO  [TestNG-test=AutomationFramework-2] Framework_Logger - Menu Books is clicked
10-04-2022 22:56:48 LogManager.java INFO  [TestNG-test=AutomationFramework-2] Framework_Logger - Book Names :[Computing and Internet, Copy of Computing and Internet EX, Fiction, Fiction EX, Health Book, Science]
10-04-2022 22:56:48 LogManager.java INFO  [TestNG-test=AutomationFramework-2] Framework_Logger - BooksPageTest - getBooksNames is PASSED...
10-04-2022 22:56:48 LogManager.java INFO  [TestNG-test=AutomationFramework-2] Framework_Logger - Driver Closed
10-04-2022 22:56:48 LogManager.java FATAL [main] Framework_Logger - ======================== Finish :-AutomationFramework========================
10-05-2022 13:32:35 LogManager.java FATAL [main] Framework_Logger - ======================== Start :-AutomationFramework========================
10-05-2022 13:32:42 LogManager.java INFO  [TestNG-test=AutomationFramework-1] Framework_Logger - Driver Initialized
10-05-2022 13:32:42 LogManager.java INFO  [TestNG-test=AutomationFramework-2] Framework_Logger - Driver Initialized
10-05-2022 13:32:42 LogManager.java INFO  [TestNG-test=AutomationFramework-1] Framework_Logger - LoginPageTest - testLogin method started...
10-05-2022 13:32:42 LogManager.java INFO  [TestNG-test=AutomationFramework-2] Framework_Logger - BooksPageTest - getBooksNames method started...
10-05-2022 13:32:43 LogManager.java INFO  [TestNG-test=AutomationFramework-1] Framework_Logger - Login Link is clicked
10-05-2022 13:32:43 LogManager.java INFO  [TestNG-test=AutomationFramework-1] Framework_Logger - Username : **********@gmail.com is entered.
10-05-2022 13:32:43 LogManager.java INFO  [TestNG-test=AutomationFramework-1] Framework_Logger - Password: ******** is entered
10-05-2022 13:32:43 LogManager.java INFO  [TestNG-test=AutomationFramework-2] Framework_Logger - Menu Books is clicked
10-05-2022 13:32:43 LogManager.java INFO  [TestNG-test=AutomationFramework-2] Framework_Logger - Book Names :[Computing and Internet, Copy of Computing and Internet EX, Fiction, Fiction EX, Health Book, Science]
10-05-2022 13:32:43 LogManager.java INFO  [TestNG-test=AutomationFramework-2] Framework_Logger - BooksPageTest - getBooksNames is PASSED...
10-05-2022 13:32:44 LogManager.java INFO  [TestNG-test=AutomationFramework-1] Framework_Logger - Login Button is clicked
10-05-2022 13:32:44 LogManager.java INFO  [TestNG-test=AutomationFramework-1] Framework_Logger - LoginPageTest - testLogin is PASSED...
10-05-2022 13:32:44 LogManager.java INFO  [TestNG-test=AutomationFramework-2] Framework_Logger - Driver Closed
10-05-2022 13:33:00 LogManager.java INFO  [TestNG-test=AutomationFramework-1] Framework_Logger - Driver Closed
10-05-2022 13:33:00 LogManager.java FATAL [main] Framework_Logger - ======================== Finish :-AutomationFramework========================
10-20-2022 16:40:35 LogManager.java FATAL [main] Framework_Logger - ======================== Start :-AutomationFramework========================
10-20-2022 16:40:48 LogManager.java INFO  [TestNG-test=AutomationFramework-2] Framework_Logger - Driver Initialized
10-20-2022 16:40:48 LogManager.java INFO  [TestNG-test=AutomationFramework-1] Framework_Logger - Driver Initialized
10-20-2022 16:40:48 LogManager.java INFO  [TestNG-test=AutomationFramework-2] Framework_Logger - BooksPageTest - getBooksNames method started...
10-20-2022 16:40:48 LogManager.java INFO  [TestNG-test=AutomationFramework-1] Framework_Logger - LoginPageTest - testLogin method started...
10-20-2022 16:40:48 LogManager.java INFO  [TestNG-test=AutomationFramework-1] Framework_Logger - Login Link is clicked
10-20-2022 16:40:49 LogManager.java INFO  [TestNG-test=AutomationFramework-1] Framework_Logger - Username : **********@gmail.com is entered.
10-20-2022 16:40:49 LogManager.java INFO  [TestNG-test=AutomationFramework-2] Framework_Logger - Menu Books is clicked
10-20-2022 16:40:49 LogManager.java INFO  [TestNG-test=AutomationFramework-1] Framework_Logger - Password: ******** is entered
10-20-2022 16:40:50 LogManager.java INFO  [TestNG-test=AutomationFramework-2] Framework_Logger - Book Names :[Computing and Internet, Copy of Computing and Internet EX, Fiction, Fiction EX, Health Book, Science]
10-20-2022 16:40:50 LogManager.java INFO  [TestNG-test=AutomationFramework-2] Framework_Logger - BooksPageTest - getBooksNames is PASSED...
10-20-2022 16:40:50 LogManager.java INFO  [TestNG-test=AutomationFramework-1] Framework_Logger - Login Button is clicked
10-20-2022 16:40:50 LogManager.java INFO  [TestNG-test=AutomationFramework-1] Framework_Logger - LoginPageTest - testLogin is PASSED...
10-20-2022 16:40:50 LogManager.java INFO  [TestNG-test=AutomationFramework-2] Framework_Logger - Driver Closed
10-20-2022 16:40:51 LogManager.java INFO  [TestNG-test=AutomationFramework-1] Framework_Logger - Driver Closed
10-20-2022 16:40:51 LogManager.java FATAL [main] Framework_Logger - ======================== Finish :-AutomationFramework========================
